There were errors running JUnit Test 
Errors: 'javac: file not found: \home\matt\NetBeansProjects\Java-Grader\test\JUnitTest.java
Usage: javac <options> <source files>
use -help for a list of possible options
Apr 24, 2014 2:04:56 PM TestApp.TestMethods testJUnit
SEVERE: null
java.io.IOException: Cannot run program "java" (in directory "\home\matt\NetBeansProjects\Java-Grader\test"): CreateProcess error=267, The directory name is invalid
	at java.lang.ProcessBuilder.start(ProcessBuilder.java:1041)
	at TestApp.TestMethods.testJUnit(TestMethods.java:48)
	at TestApp.TestMethods.main(TestMethods.java:22)
Caused by: java.io.IOException: CreateProcess error=267, The directory name is invalid
	at java.lang.ProcessImpl.create(Native Method)
	at java.lang.ProcessImpl.<init>(ProcessImpl.java:385)
	at java.lang.ProcessImpl.start(ProcessImpl.java:136)
	at java.lang.ProcessBuilder.start(ProcessBuilder.java:1022)
	... 2 more

' 
Output: 'Running from: \home\matt\NetBeansProjects\Java-Grader\test
Args: [java, -cp, /home/matt/Downloads/junit-4.11.jar:/home/matt/Downloads/hamcrest-core-1.3.jar:/home/matt/NetBeansProjects/Java-Grader/test/:/home/matt/NetBeansProjects/Java-Grader/build/classes/, org.junit.runner.JUnitCore, JUnitTest]
'
